{"/home/meri/Practice-Testing/testing.js": {"path":"/home/meri/Practice-Testing/testing.js","statementMap":{"0":{"start":{"line":2,"column":4},"end":{"line":2,"column":27}},"1":{"start":{"line":3,"column":4},"end":{"line":5,"column":5}},"2":{"start":{"line":4,"column":8},"end":{"line":4,"column":61}},"3":{"start":{"line":6,"column":4},"end":{"line":6,"column":18}},"4":{"start":{"line":10,"column":20},"end":{"line":10,"column":22}},"5":{"start":{"line":11,"column":4},"end":{"line":13,"column":5}},"6":{"start":{"line":11,"column":15},"end":{"line":11,"column":31}},"7":{"start":{"line":12,"column":8},"end":{"line":12,"column":31}},"8":{"start":{"line":14,"column":4},"end":{"line":14,"column":21}},"9":{"start":{"line":19,"column":8},"end":{"line":19,"column":21}},"10":{"start":{"line":23,"column":8},"end":{"line":23,"column":21}},"11":{"start":{"line":27,"column":8},"end":{"line":27,"column":21}},"12":{"start":{"line":31,"column":8},"end":{"line":31,"column":21}},"13":{"start":{"line":37,"column":23},"end":{"line":37,"column":36}},"14":{"start":{"line":38,"column":24},"end":{"line":38,"column":63}},"15":{"start":{"line":39,"column":4},"end":{"line":39,"column":22}},"16":{"start":{"line":42,"column":0},"end":{"line":42,"column":72}}},"fnMap":{"0":{"name":"stringLength","decl":{"start":{"line":1,"column":9},"end":{"line":1,"column":21}},"loc":{"start":{"line":1,"column":30},"end":{"line":7,"column":3}},"line":1},"1":{"name":"reverseString","decl":{"start":{"line":9,"column":9},"end":{"line":9,"column":22}},"loc":{"start":{"line":9,"column":31},"end":{"line":15,"column":1}},"line":9},"2":{"name":"(anonymous_2)","decl":{"start":{"line":18,"column":4},"end":{"line":18,"column":5}},"loc":{"start":{"line":18,"column":21},"end":{"line":20,"column":5}},"line":18},"3":{"name":"(anonymous_3)","decl":{"start":{"line":22,"column":4},"end":{"line":22,"column":5}},"loc":{"start":{"line":22,"column":26},"end":{"line":24,"column":5}},"line":22},"4":{"name":"(anonymous_4)","decl":{"start":{"line":26,"column":4},"end":{"line":26,"column":5}},"loc":{"start":{"line":26,"column":26},"end":{"line":28,"column":5}},"line":26},"5":{"name":"(anonymous_5)","decl":{"start":{"line":30,"column":4},"end":{"line":30,"column":5}},"loc":{"start":{"line":30,"column":24},"end":{"line":32,"column":5}},"line":30},"6":{"name":"capitalize","decl":{"start":{"line":35,"column":9},"end":{"line":35,"column":19}},"loc":{"start":{"line":35,"column":25},"end":{"line":40,"column":1}},"line":35}},"branchMap":{"0":{"loc":{"start":{"line":3,"column":4},"end":{"line":5,"column":5}},"type":"if","locations":[{"start":{"line":3,"column":4},"end":{"line":5,"column":5}},{"start":{},"end":{}}],"line":3},"1":{"loc":{"start":{"line":3,"column":7},"end":{"line":3,"column":32}},"type":"binary-expr","locations":[{"start":{"line":3,"column":7},"end":{"line":3,"column":17}},{"start":{"line":3,"column":21},"end":{"line":3,"column":32}}],"line":3}},"s":{"0":2,"1":2,"2":1,"3":1,"4":1,"5":1,"6":1,"7":4,"8":1,"9":3,"10":3,"11":3,"12":3,"13":1,"14":1,"15":1,"16":1},"f":{"0":2,"1":1,"2":3,"3":3,"4":3,"5":3,"6":1},"b":{"0":[1,1],"1":[2,2]},"_coverageSchema":"1a1c01bbd47fc00a2c39e90264f33305004495a9","hash":"dc3a88926a82fb183a8b0dfbb71f1e149cdcc4e8"}
}
