TN:
SF:testing.js
FN:1,stringLength
FN:9,reverseString
FN:18,(anonymous_2)
FN:22,(anonymous_3)
FN:26,(anonymous_4)
FN:30,(anonymous_5)
FN:35,capitalize
FNF:7
FNH:7
FNDA:2,stringLength
FNDA:1,reverseString
FNDA:3,(anonymous_2)
FNDA:3,(anonymous_3)
FNDA:3,(anonymous_4)
FNDA:3,(anonymous_5)
FNDA:1,capitalize
DA:2,2
DA:3,2
DA:4,1
DA:6,1
DA:10,1
DA:11,1
DA:12,4
DA:14,1
DA:19,3
DA:23,3
DA:27,3
DA:31,3
DA:37,1
DA:38,1
DA:39,1
DA:42,1
LF:16
LH:16
BRDA:3,0,0,1
BRDA:3,0,1,1
BRDA:3,1,0,2
BRDA:3,1,1,2
BRF:4
BRH:4
end_of_record
